#
# A fatal error has been detected by the Java Runtime Environment:
#
#  EXCEPTION_ACCESS_VIOLATION (0xc0000005) at pc=0x00007ff8ec67b386, pid=32556, tid=13876
#
# JRE version: OpenJDK Runtime Environment (23.0+37) (build 23+37-2369)
# Java VM: OpenJDK 64-Bit Server VM (23+37-2369, mixed mode, sharing, tiered, compressed oops, compressed class ptrs, g1 gc, windows-amd64)
# Problematic frame:
# C  [igxelpicd64.dll+0x23b386]
#
# No core dump will be written. Minidumps are not enabled by default on client versions of Windows
#
# If you would like to submit a bug report, please visit:
#   https://bugreport.java.com/bugreport/crash.jsp
#

---------------  S U M M A R Y ------------

Command Line: -javaagent:C:\Program Files\JetBrains\IntelliJ IDEA Community Edition 2024.2.2\lib\idea_rt.jar=39469:C:\Program Files\JetBrains\IntelliJ IDEA Community Edition 2024.2.2\bin -Dfile.encoding=UTF-8 -Dsun.stdout.encoding=UTF-8 -Dsun.stderr.encoding=UTF-8 org.example.Main

Host: 11th Gen Intel(R) Core(TM) i7-11800H @ 2.30GHz, 16 cores, 15G,  Windows 11 , 64 bit Build 26100 (10.0.26100.4202)
Time: Tue Jun 10 00:57:33 2025 FLE Daylight Time elapsed time: 16.421630 seconds (0d 0h 0m 16s)

---------------  T H R E A D  ---------------

Current thread (0x00000298fdf38640):  VMThread "VM Thread"          [id=13876, stack(0x000000e33ce00000,0x000000e33cf00000) (1024K)]

Stack: [0x000000e33ce00000,0x000000e33cf00000],  sp=0x000000e33cefe170,  free space=1016k
Native frames: (J=compiled Java code, j=interpreted, Vv=VM code, C=native code)
C  [igxelpicd64.dll+0x23b386]  (no source info available)
C  [igxelpicd64.dll+0x2682ae]  (no source info available)
C  [igxelpicd64.dll+0x2b531f]  (no source info available)
C  [igxelpicd64.dll+0x2af5c4]  (no source info available)
C  [igxelpicd64.dll+0x237945]  (no source info available)
C  [igxelpicd64.dll+0x237b45]  (no source info available)
C  [igxelpicd64.dll+0x273c4d]  (no source info available)
C  [igxelpicd64.dll+0x273a84]  (no source info available)
C  [igxelpicd64.dll+0x79efcb]  (no source info available)
C  [ntdll.dll+0x72983]  (no source info available)
C  [ntdll.dll+0x3dc2f]  (no source info available)
C  [ntdll.dll+0x3c504]  (no source info available)
C  [KERNEL32.DLL+0x418ab]  (no source info available)
C  [ucrtbase.dll+0xa0093]  (no source info available)
V  [jvm.dll+0x6d98fc]  (no source info available)
V  [jvm.dll+0x6d9430]  (no source info available)
V  [jvm.dll+0x3da534]  (no source info available)
V  [jvm.dll+0x886500]  (no source info available)
V  [jvm.dll+0x887827]  (no source info available)
V  [jvm.dll+0x887d58]  (no source info available)
V  [jvm.dll+0x887ff3]  (no source info available)
V  [jvm.dll+0x824f1b]  (no source info available)
V  [jvm.dll+0x6df055]  (no source info available)
C  [ucrtbase.dll+0x37b0]  (no source info available)
C  [KERNEL32.DLL+0x2e8d7]  (no source info available)
C  [ntdll.dll+0x3c34c]  (no source info available)


siginfo: EXCEPTION_ACCESS_VIOLATION (0xc0000005), reading address 0x0000000000035468


Registers:
RAX=0x00000298df7f4ff0, RBX=0x00000298de7e63e0, RCX=0x0000000000000000, RDX=0x0000000000000000
RSP=0x000000e33cefe170, RBP=0x0000000000000000, RSI=0x00000298df7f4ef0, RDI=0x00000298986513d0
R8 =0x00000298df7f4ff0, R9 =0x000000e33c2e1000, R10=0x0000000000000000, R11=0x0000000000000246
R12=0x00000298df7f4ef0, R13=0x0000000000000000, R14=0x00000298df7f5438, R15=0x00000298df7f4920
RIP=0x00007ff8ec67b386, EFLAGS=0x0000000000010206


Register to memory mapping:

RAX=0x00000298df7f4ff0 points into unknown readable memory: 0x0000000000000088 | 88 00 00 00 00 00 00 00
RBX=0x00000298de7e63e0 points into unknown readable memory: 0xffffffffffffffff | ff ff ff ff ff ff ff ff
RCX=0x0 is null
RDX=0x0 is null
RSP=0x000000e33cefe170 points into unknown readable memory: 0x00000298de7e63e0 | e0 63 7e de 98 02 00 00
RBP=0x0 is null
RSI=0x00000298df7f4ef0 points into unknown readable memory: 0x00000298de3cd750 | 50 d7 3c de 98 02 00 00
RDI=0x00000298986513d0 points into unknown readable memory: 0x34000000bebafe00 | 00 fe ba be 00 00 00 34
R8 =0x00000298df7f4ff0 points into unknown readable memory: 0x0000000000000088 | 88 00 00 00 00 00 00 00
R9 =0x000000e33c2e1000 points into unknown readable memory: 0x0000000000000000 | 00 00 00 00 00 00 00 00
R10=0x0 is null
R11=0x0000000000000246 is an unknown value
R12=0x00000298df7f4ef0 points into unknown readable memory: 0x00000298de3cd750 | 50 d7 3c de 98 02 00 00
R13=0x0 is null
R14=0x00000298df7f5438 points into unknown readable memory: 0x00000298df7f4920 | 20 49 7f df 98 02 00 00
R15=0x00000298df7f4920 points into unknown readable memory: 0x00000298de3cd750 | 50 d7 3c de 98 02 00 00

Top of Stack: (sp=0x000000e33cefe170)
0x000000e33cefe170:   00000298de7e63e0 00007ff8ec4b0ab4
0x000000e33cefe180:   0000000000000000 00000298df6886a0
0x000000e33cefe190:   0000001600000000 0000000000000000
0x000000e33cefe1a0:   0000029800000000 00000298df684790
0x000000e33cefe1b0:   00000298de7e63e0 00000298df648300
0x000000e33cefe1c0:   00000298e26a1994 00000298e2700000
0x000000e33cefe1d0:   d529023881290359 00000298df688ca0
0x000000e33cefe1e0:   e43102a785310357 0000800400192000
0x000000e33cefe1f0:   173902f4063702ff 39390364303902ea
0x000000e33cefe200:   383b02db00000000 123c0364863b02f4
0x000000e33cefe210:   124002cca43c0362 8a43032a2b42033c
0x000000e33cefe220:   b645034ec04302c5 64470334e345034a
0x000000e33cefe230:   e947035d7a47032e b34e0313424c0251
0x000000e33cefe240:   0000000000000000 0000000000000000
0x000000e33cefe250:   7a52030000000000 00007ff9e53e59b4
0x000000e33cefe260:   0000000000000000 0000000000000000
0x000000e33cefe270:   000000e33cefe410 00007ff9e4f710a9
0x000000e33cefe280:   000000e33cefe308 0000000000000000
0x000000e33cefe290:   0000000000000054 0000000000000000
0x000000e33cefe2a0:   0000000000000000 00007ff9e53e5b24
0x000000e33cefe2b0:   000000007a000004 238100c2b180035d
0x000000e33cefe2c0:   00003d3978f75505 001040007a000004
0x000000e33cefe2d0:   00000298df67cf38 00000000000004ac
0x000000e33cefe2e0:   0000000000000000 0000000000000016
0x000000e33cefe2f0:   0000000000000000 0000000000000000
0x000000e33cefe300:   000000e33cefe410 00007ff8ec6a82ae
0x000000e33cefe310:   00000298986513d0 0000000000000000
0x000000e33cefe320:   00000298986513d0 000010027a000004
0x000000e33cefe330:   000000e300001d5c 0000b802001c0000
0x000000e33cefe340:   0000000000000000 3ab102edddac0347
0x000000e33cefe350:   0000000000000000 000010027a000004
0x000000e33cefe360:   d1b7025223b5035a 0000000000000000 

Instructions: (pc=0x00007ff8ec67b386)
0x00007ff8ec67b286:   00 90 4c 8b bf 80 02 00 00 48 8b 05 9a 85 bd 00
0x00007ff8ec67b296:   8b 80 c8 0a 00 00 89 44 24 24 c6 44 24 20 00 48
0x00007ff8ec67b2a6:   c7 87 80 02 00 00 00 00 00 00 c7 87 88 02 00 00
0x00007ff8ec67b2b6:   00 00 00 00 48 c7 87 a0 02 00 00 00 00 00 00 48
0x00007ff8ec67b2c6:   c7 87 90 02 00 00 00 00 00 00 48 85 ed 75 3d 8b
0x00007ff8ec67b2d6:   35 0d 77 cd 00 65 48 8b 04 25 58 00 00 00 b9 14
0x00007ff8ec67b2e6:   00 00 00 48 8b 04 f0 40 38 2c 01 0f 84 c9 e7 75
0x00007ff8ec67b2f6:   00 65 48 8b 04 25 58 00 00 00 bd 20 00 00 00 48
0x00007ff8ec67b306:   8b 04 f0 48 8b 2c 28 48 89 6c 24 28 48 3b 2d 07
0x00007ff8ec67b316:   9b cd 00 0f 84 9b 10 00 00 4d 85 ff 0f 84 3a 01
0x00007ff8ec67b326:   00 00 0f 1f 84 00 00 00 00 00 49 8b f7 4d 8b e7
0x00007ff8ec67b336:   4d 8d b7 48 05 00 00 4d 8b 3e 45 84 ed 0f 85 d9
0x00007ff8ec67b346:   0e 00 00 8b 8f d0 01 00 00 48 8b 05 da 84 bd 00
0x00007ff8ec67b356:   83 b8 64 03 00 00 02 75 34 4d 8d 84 24 00 01 00
0x00007ff8ec67b366:   00 83 f9 10 0f 83 3a 01 00 00 8b c1 48 c1 e0 06
0x00007ff8ec67b376:   49 03 c0 48 85 c0 0f 84 9b 01 00 00 48 8b 50 08
0x00007ff8ec67b386:   48 3b 95 68 54 03 00 0f 87 b6 0e 00 00 48 83 be
0x00007ff8ec67b396:   c0 05 00 00 00 0f 85 50 e7 75 00 44 8b 8f d0 01
0x00007ff8ec67b3a6:   00 00 48 8b 87 e8 01 00 00 4c 8b 00 8b 8f d0 01
0x00007ff8ec67b3b6:   00 00 48 8d 9e 00 01 00 00 83 f9 10 0f 83 1e 01
0x00007ff8ec67b3c6:   00 00 8b c1 48 c1 e0 06 48 03 c3 48 85 c0 0f 84
0x00007ff8ec67b3d6:   4a 01 00 00 4c 39 40 08 0f 86 40 01 00 00 48 8b
0x00007ff8ec67b3e6:   87 80 02 00 00 49 89 06 48 89 b7 80 02 00 00 ff
0x00007ff8ec67b3f6:   87 88 02 00 00 48 8b 4e 08 48 8b 01 ba 01 00 00
0x00007ff8ec67b406:   00 48 8b 80 e0 02 00 00 ff 15 f4 c1 88 00 0f b7
0x00007ff8ec67b416:   c8 48 2b c1 48 05 00 00 01 00 48 01 87 90 02 00
0x00007ff8ec67b426:   00 48 8b 4e 08 48 8b 01 ba 01 00 00 00 48 8b 80
0x00007ff8ec67b436:   e0 02 00 00 ff 15 c8 c1 88 00 48 01 87 a0 02 00
0x00007ff8ec67b446:   00 0f b6 54 24 20 4d 85 ff 0f 85 db fe ff ff 84
0x00007ff8ec67b456:   d2 0f 85 37 0f 00 00 48 8b 5c 24 40 48 8b cf 80
0x00007ff8ec67b466:   7c 24 22 00 0f 85 40 0f 00 00 e8 3b f9 ff ff 90
0x00007ff8ec67b476:   48 8b cb ff 15 99 bc 88 00 48 8b 8c 24 50 01 00 


Stack slot to memory mapping:

stack at sp + 0 slots: 0x00000298de7e63e0 points into unknown readable memory: 0xffffffffffffffff | ff ff ff ff ff ff ff ff
stack at sp + 1 slots: 0x00007ff8ec4b0ab4 igxelpicd64.dll
stack at sp + 2 slots: 0x0 is null
stack at sp + 3 slots: 0x00000298df6886a0 points into unknown readable memory: 0x0000000000000038 | 38 00 00 00 00 00 00 00
stack at sp + 4 slots: 0x0000001600000000 is an unknown value
stack at sp + 5 slots: 0x0 is null
stack at sp + 6 slots: 0x0000029800000000 is an unknown value
stack at sp + 7 slots: 0x00000298df684790 points into unknown readable memory: 0x00000298df6847a0 | a0 47 68 df 98 02 00 00

VM_Operation (0x000000e33d8ff100): Exit, mode: safepoint, requested by thread 0x00000298de2d79c0


---------------  P R O C E S S  ---------------

Threads class SMR info:
_java_thread_list=0x00000298de2d26a0, length=13, elements={
0x00000298f8318860, 0x0000029898465850, 0x00000298984665a0, 0x000002989846a790,
0x000002989846b2e0, 0x0000029898474f80, 0x0000029898479560, 0x000002989848efd0,
0x00000298985a0160, 0x00000298de0f2fb0, 0x00000298de0f3620, 0x00000298de773700,
0x00000298de2d79c0
}

Java Threads: ( => current thread )
  0x00000298f8318860 JavaThread "main"                              [_thread_in_native, id=30360, stack(0x000000e33c700000,0x000000e33c800000) (1024K)]
  0x0000029898465850 JavaThread "Reference Handler"          daemon [_thread_blocked, id=32320, stack(0x000000e33cf00000,0x000000e33d000000) (1024K)]
  0x00000298984665a0 JavaThread "Finalizer"                  daemon [_thread_blocked, id=13528, stack(0x000000e33d000000,0x000000e33d100000) (1024K)]
  0x000002989846a790 JavaThread "Attach Listener"            daemon [_thread_blocked, id=15204, stack(0x000000e33d200000,0x000000e33d300000) (1024K)]
  0x000002989846b2e0 JavaThread "Service Thread"             daemon [_thread_blocked, id=32864, stack(0x000000e33d300000,0x000000e33d400000) (1024K)]
  0x0000029898474f80 JavaThread "Monitor Deflation Thread"   daemon [_thread_blocked, id=27416, stack(0x000000e33d400000,0x000000e33d500000) (1024K)]
  0x0000029898479560 JavaThread "C2 CompilerThread0"         daemon [_thread_blocked, id=12848, stack(0x000000e33d500000,0x000000e33d600000) (1024K)]
  0x000002989848efd0 JavaThread "C1 CompilerThread0"         daemon [_thread_blocked, id=2212, stack(0x000000e33d600000,0x000000e33d700000) (1024K)]
  0x00000298985a0160 JavaThread "Common-Cleaner"             daemon [_thread_blocked, id=13068, stack(0x000000e33d700000,0x000000e33d800000) (1024K)]
  0x00000298de0f2fb0 JavaThread "Monitor Ctrl-Break"         daemon [_thread_in_native, id=25920, stack(0x000000e33da00000,0x000000e33db00000) (1024K)]
  0x00000298de0f3620 JavaThread "Notification Thread"        daemon [_thread_blocked, id=2688, stack(0x000000e33db00000,0x000000e33dc00000) (1024K)]
  0x00000298de773700 JavaThread "Thread-0"                   daemon [_thread_blocked, id=14028, stack(0x000000e33dc00000,0x000000e33dd00000) (1024K)]
  0x00000298de2d79c0 JavaThread "SIGINT handler"             daemon [_thread_blocked, id=26244, stack(0x000000e33d800000,0x000000e33d900000) (1024K)]
Total: 13

Other Threads:
=>0x00000298fdf38640 VMThread "VM Thread"                           [id=13876, stack(0x000000e33ce00000,0x000000e33cf00000) (1024K)]
  0x00000298f837d8f0 WorkerThread "GC Thread#0"                     [id=14652, stack(0x000000e33c800000,0x000000e33c900000) (1024K)]
  0x00000298f5edeb40 ConcurrentGCThread "G1 Main Marker"            terminated
  0x00000298f83cec20 WorkerThread "G1 Conc#0"                       [id=7780, stack(0x000000e33ca00000,0x000000e33cb00000) (1024K)]
  0x00000298fddf8940 ConcurrentGCThread "G1 Refine#0"               terminated
  0x00000298fddfb370 ConcurrentGCThread "G1 Service"                terminated
Total: 6

Threads with active compile tasks:
C2 CompilerThread0  16521 1146       4       java.util.concurrent.ConcurrentHashMap::get (162 bytes)
Total: 1

VM state: at safepoint (shutting down)

VM Mutex/Monitor currently owned by a thread:  ([mutex/lock_event])
[0x00007ff9220c3910] Threads_lock - owner thread: 0x00000298fdf38640
[0x00007ff9220c3a10] Heap_lock - owner thread: 0x00000298de2d79c0

Heap address: 0x0000000703600000, size: 4042 MB, Compressed Oops mode: Zero based, Oop shift amount: 3

CDS archive(s) mapped at: [0x0000029899000000-0x0000029899d70000-0x0000029899d70000), size 14090240, SharedBaseAddress: 0x0000029899000000, ArchiveRelocationMode: 1.
Compressed class space mapped at: 0x000002989a000000-0x00000298da000000, reserved size: 1073741824
Narrow klass base: 0x0000029899000000, Narrow klass shift: 0, Narrow klass range: 0x41000000

GC Precious Log:
 CardTable entry size: 512
 Card Set container configuration: InlinePtr #cards 4 size 8 Array Of Cards #cards 16 size 48 Howl #buckets 8 coarsen threshold 3686 Howl Bitmap #cards 512 size 80 coarsen threshold 460 Card regions per heap region 1 cards per card region 4096
 CPUs: 16 total, 16 available
 Memory: 16163M
 Large Page Support: Disabled
 NUMA Support: Disabled
 Compressed Oops: Enabled (Zero based)
 Heap Region Size: 2M
 Heap Min Capacity: 8M
 Heap Initial Capacity: 254M
 Heap Max Capacity: 4042M
 Pre-touch: Disabled
 Parallel Workers: 13
 Concurrent Workers: 3
 Concurrent Refinement Workers: 13
 Periodic GC: Disabled

Heap:
 garbage-first heap   total reserved 4139008K, committed 260096K, used 20480K [0x0000000703600000, 0x0000000800000000)
  region size 2048K, 9 young (18432K), 0 survivors (0K)
 Metaspace       used 6149K, committed 6272K, reserved 1114112K
  class space    used 438K, committed 512K, reserved 1048576K

Heap Regions: E=young(eden), S=young(survivor), O=old, HS=humongous(starts), HC=humongous(continues), CS=collection set, F=free, TAMS=top-at-mark-start, PB=parsable bottom
|   0|0x0000000703600000, 0x0000000703800000, 0x0000000703800000|100%|HS|  |TAMS 0x0000000703600000| PB 0x0000000703600000| Complete |  0
|   1|0x0000000703800000, 0x0000000703a00000, 0x0000000703a00000|100%|HS|  |TAMS 0x0000000703800000| PB 0x0000000703800000| Complete |  0
|   2|0x0000000703a00000, 0x0000000703c00000, 0x0000000703c00000|100%|HS|  |TAMS 0x0000000703a00000| PB 0x0000000703a00000| Complete |  0
|   3|0x0000000703c00000, 0x0000000703c00000, 0x0000000703e00000|  0%| F|  |TAMS 0x0000000703c00000| PB 0x0000000703c00000| Untracked |  0
|   4|0x0000000703e00000, 0x0000000703e00000, 0x0000000704000000|  0%| F|  |TAMS 0x0000000703e00000| PB 0x0000000703e00000| Untracked |  0
|   5|0x0000000704000000, 0x0000000704000000, 0x0000000704200000|  0%| F|  |TAMS 0x0000000704000000| PB 0x0000000704000000| Untracked |  0
|   6|0x0000000704200000, 0x0000000704200000, 0x0000000704400000|  0%| F|  |TAMS 0x0000000704200000| PB 0x0000000704200000| Untracked |  0
|   7|0x0000000704400000, 0x0000000704400000, 0x0000000704600000|  0%| F|  |TAMS 0x0000000704400000| PB 0x0000000704400000| Untracked |  0
|   8|0x0000000704600000, 0x0000000704600000, 0x0000000704800000|  0%| F|  |TAMS 0x0000000704600000| PB 0x0000000704600000| Untracked |  0
|   9|0x0000000704800000, 0x0000000704800000, 0x0000000704a00000|  0%| F|  |TAMS 0x0000000704800000| PB 0x0000000704800000| Untracked |  0
|  10|0x0000000704a00000, 0x0000000704a00000, 0x0000000704c00000|  0%| F|  |TAMS 0x0000000704a00000| PB 0x0000000704a00000| Untracked |  0
|  11|0x0000000704c00000, 0x0000000704c00000, 0x0000000704e00000|  0%| F|  |TAMS 0x0000000704c00000| PB 0x0000000704c00000| Untracked |  0
|  12|0x0000000704e00000, 0x0000000704e00000, 0x0000000705000000|  0%| F|  |TAMS 0x0000000704e00000| PB 0x0000000704e00000| Untracked |  0
|  13|0x0000000705000000, 0x0000000705000000, 0x0000000705200000|  0%| F|  |TAMS 0x0000000705000000| PB 0x0000000705000000| Untracked |  0
|  14|0x0000000705200000, 0x0000000705200000, 0x0000000705400000|  0%| F|  |TAMS 0x0000000705200000| PB 0x0000000705200000| Untracked |  0
|  15|0x0000000705400000, 0x0000000705400000, 0x0000000705600000|  0%| F|  |TAMS 0x0000000705400000| PB 0x0000000705400000| Untracked |  0
|  16|0x0000000705600000, 0x0000000705600000, 0x0000000705800000|  0%| F|  |TAMS 0x0000000705600000| PB 0x0000000705600000| Untracked |  0
|  17|0x0000000705800000, 0x0000000705800000, 0x0000000705a00000|  0%| F|  |TAMS 0x0000000705800000| PB 0x0000000705800000| Untracked |  0
|  18|0x0000000705a00000, 0x0000000705a00000, 0x0000000705c00000|  0%| F|  |TAMS 0x0000000705a00000| PB 0x0000000705a00000| Untracked |  0
|  19|0x0000000705c00000, 0x0000000705c00000, 0x0000000705e00000|  0%| F|  |TAMS 0x0000000705c00000| PB 0x0000000705c00000| Untracked |  0
|  20|0x0000000705e00000, 0x0000000705e00000, 0x0000000706000000|  0%| F|  |TAMS 0x0000000705e00000| PB 0x0000000705e00000| Untracked |  0
|  21|0x0000000706000000, 0x0000000706000000, 0x0000000706200000|  0%| F|  |TAMS 0x0000000706000000| PB 0x0000000706000000| Untracked |  0
|  22|0x0000000706200000, 0x0000000706200000, 0x0000000706400000|  0%| F|  |TAMS 0x0000000706200000| PB 0x0000000706200000| Untracked |  0
|  23|0x0000000706400000, 0x0000000706400000, 0x0000000706600000|  0%| F|  |TAMS 0x0000000706400000| PB 0x0000000706400000| Untracked |  0
|  24|0x0000000706600000, 0x0000000706600000, 0x0000000706800000|  0%| F|  |TAMS 0x0000000706600000| PB 0x0000000706600000| Untracked |  0
|  25|0x0000000706800000, 0x0000000706800000, 0x0000000706a00000|  0%| F|  |TAMS 0x0000000706800000| PB 0x0000000706800000| Untracked |  0
|  26|0x0000000706a00000, 0x0000000706a00000, 0x0000000706c00000|  0%| F|  |TAMS 0x0000000706a00000| PB 0x0000000706a00000| Untracked |  0
|  27|0x0000000706c00000, 0x0000000706c00000, 0x0000000706e00000|  0%| F|  |TAMS 0x0000000706c00000| PB 0x0000000706c00000| Untracked |  0
|  28|0x0000000706e00000, 0x0000000706e00000, 0x0000000707000000|  0%| F|  |TAMS 0x0000000706e00000| PB 0x0000000706e00000| Untracked |  0
|  29|0x0000000707000000, 0x0000000707000000, 0x0000000707200000|  0%| F|  |TAMS 0x0000000707000000| PB 0x0000000707000000| Untracked |  0
|  30|0x0000000707200000, 0x0000000707200000, 0x0000000707400000|  0%| F|  |TAMS 0x0000000707200000| PB 0x0000000707200000| Untracked |  0
|  31|0x0000000707400000, 0x0000000707400000, 0x0000000707600000|  0%| F|  |TAMS 0x0000000707400000| PB 0x0000000707400000| Untracked |  0
|  32|0x0000000707600000, 0x0000000707600000, 0x0000000707800000|  0%| F|  |TAMS 0x0000000707600000| PB 0x0000000707600000| Untracked |  0
|  33|0x0000000707800000, 0x0000000707800000, 0x0000000707a00000|  0%| F|  |TAMS 0x0000000707800000| PB 0x0000000707800000| Untracked |  0
|  34|0x0000000707a00000, 0x0000000707a00000, 0x0000000707c00000|  0%| F|  |TAMS 0x0000000707a00000| PB 0x0000000707a00000| Untracked |  0
|  35|0x0000000707c00000, 0x0000000707c00000, 0x0000000707e00000|  0%| F|  |TAMS 0x0000000707c00000| PB 0x0000000707c00000| Untracked |  0
|  36|0x0000000707e00000, 0x0000000707e00000, 0x0000000708000000|  0%| F|  |TAMS 0x0000000707e00000| PB 0x0000000707e00000| Untracked |  0
|  37|0x0000000708000000, 0x0000000708000000, 0x0000000708200000|  0%| F|  |TAMS 0x0000000708000000| PB 0x0000000708000000| Untracked |  0
|  38|0x0000000708200000, 0x0000000708200000, 0x0000000708400000|  0%| F|  |TAMS 0x0000000708200000| PB 0x0000000708200000| Untracked |  0
|  39|0x0000000708400000, 0x0000000708400000, 0x0000000708600000|  0%| F|  |TAMS 0x0000000708400000| PB 0x0000000708400000| Untracked |  0
|  40|0x0000000708600000, 0x0000000708600000, 0x0000000708800000|  0%| F|  |TAMS 0x0000000708600000| PB 0x0000000708600000| Untracked |  0
|  41|0x0000000708800000, 0x0000000708800000, 0x0000000708a00000|  0%| F|  |TAMS 0x0000000708800000| PB 0x0000000708800000| Untracked |  0
|  42|0x0000000708a00000, 0x0000000708a00000, 0x0000000708c00000|  0%| F|  |TAMS 0x0000000708a00000| PB 0x0000000708a00000| Untracked |  0
|  43|0x0000000708c00000, 0x0000000708c00000, 0x0000000708e00000|  0%| F|  |TAMS 0x0000000708c00000| PB 0x0000000708c00000| Untracked |  0
|  44|0x0000000708e00000, 0x0000000708e00000, 0x0000000709000000|  0%| F|  |TAMS 0x0000000708e00000| PB 0x0000000708e00000| Untracked |  0
|  45|0x0000000709000000, 0x0000000709000000, 0x0000000709200000|  0%| F|  |TAMS 0x0000000709000000| PB 0x0000000709000000| Untracked |  0
|  46|0x0000000709200000, 0x0000000709200000, 0x0000000709400000|  0%| F|  |TAMS 0x0000000709200000| PB 0x0000000709200000| Untracked |  0
|  47|0x0000000709400000, 0x0000000709400000, 0x0000000709600000|  0%| F|  |TAMS 0x0000000709400000| PB 0x0000000709400000| Untracked |  0
|  48|0x0000000709600000, 0x0000000709600000, 0x0000000709800000|  0%| F|  |TAMS 0x0000000709600000| PB 0x0000000709600000| Untracked |  0
|  49|0x0000000709800000, 0x0000000709800000, 0x0000000709a00000|  0%| F|  |TAMS 0x0000000709800000| PB 0x0000000709800000| Untracked |  0
|  50|0x0000000709a00000, 0x0000000709a00000, 0x0000000709c00000|  0%| F|  |TAMS 0x0000000709a00000| PB 0x0000000709a00000| Untracked |  0
|  51|0x0000000709c00000, 0x0000000709c00000, 0x0000000709e00000|  0%| F|  |TAMS 0x0000000709c00000| PB 0x0000000709c00000| Untracked |  0
|  52|0x0000000709e00000, 0x0000000709e00000, 0x000000070a000000|  0%| F|  |TAMS 0x0000000709e00000| PB 0x0000000709e00000| Untracked |  0
|  53|0x000000070a000000, 0x000000070a000000, 0x000000070a200000|  0%| F|  |TAMS 0x000000070a000000| PB 0x000000070a000000| Untracked |  0
|  54|0x000000070a200000, 0x000000070a200000, 0x000000070a400000|  0%| F|  |TAMS 0x000000070a200000| PB 0x000000070a200000| Untracked |  0
|  55|0x000000070a400000, 0x000000070a400000, 0x000000070a600000|  0%| F|  |TAMS 0x000000070a400000| PB 0x000000070a400000| Untracked |  0
|  56|0x000000070a600000, 0x000000070a600000, 0x000000070a800000|  0%| F|  |TAMS 0x000000070a600000| PB 0x000000070a600000| Untracked |  0
|  57|0x000000070a800000, 0x000000070a800000, 0x000000070aa00000|  0%| F|  |TAMS 0x000000070a800000| PB 0x000000070a800000| Untracked |  0
|  58|0x000000070aa00000, 0x000000070aa00000, 0x000000070ac00000|  0%| F|  |TAMS 0x000000070aa00000| PB 0x000000070aa00000| Untracked |  0
|  59|0x000000070ac00000, 0x000000070ac00000, 0x000000070ae00000|  0%| F|  |TAMS 0x000000070ac00000| PB 0x000000070ac00000| Untracked |  0
|  60|0x000000070ae00000, 0x000000070ae00000, 0x000000070b000000|  0%| F|  |TAMS 0x000000070ae00000| PB 0x000000070ae00000| Untracked |  0
|  61|0x000000070b000000, 0x000000070b000000, 0x000000070b200000|  0%| F|  |TAMS 0x000000070b000000| PB 0x000000070b000000| Untracked |  0
|  62|0x000000070b200000, 0x000000070b200000, 0x000000070b400000|  0%| F|  |TAMS 0x000000070b200000| PB 0x000000070b200000| Untracked |  0
|  63|0x000000070b400000, 0x000000070b400000, 0x000000070b600000|  0%| F|  |TAMS 0x000000070b400000| PB 0x000000070b400000| Untracked |  0
|  64|0x000000070b600000, 0x000000070b600000, 0x000000070b800000|  0%| F|  |TAMS 0x000000070b600000| PB 0x000000070b600000| Untracked |  0
|  65|0x000000070b800000, 0x000000070b800000, 0x000000070ba00000|  0%| F|  |TAMS 0x000000070b800000| PB 0x000000070b800000| Untracked |  0
|  66|0x000000070ba00000, 0x000000070ba00000, 0x000000070bc00000|  0%| F|  |TAMS 0x000000070ba00000| PB 0x000000070ba00000| Untracked |  0
|  67|0x000000070bc00000, 0x000000070bc00000, 0x000000070be00000|  0%| F|  |TAMS 0x000000070bc00000| PB 0x000000070bc00000| Untracked |  0
|  68|0x000000070be00000, 0x000000070be00000, 0x000000070c000000|  0%| F|  |TAMS 0x000000070be00000| PB 0x000000070be00000| Untracked |  0
|  69|0x000000070c000000, 0x000000070c000000, 0x000000070c200000|  0%| F|  |TAMS 0x000000070c000000| PB 0x000000070c000000| Untracked |  0
|  70|0x000000070c200000, 0x000000070c200000, 0x000000070c400000|  0%| F|  |TAMS 0x000000070c200000| PB 0x000000070c200000| Untracked |  0
|  71|0x000000070c400000, 0x000000070c400000, 0x000000070c600000|  0%| F|  |TAMS 0x000000070c400000| PB 0x000000070c400000| Untracked |  0
|  72|0x000000070c600000, 0x000000070c600000, 0x000000070c800000|  0%| F|  |TAMS 0x000000070c600000| PB 0x000000070c600000| Untracked |  0
|  73|0x000000070c800000, 0x000000070c800000, 0x000000070ca00000|  0%| F|  |TAMS 0x000000070c800000| PB 0x000000070c800000| Untracked |  0
|  74|0x000000070ca00000, 0x000000070ca00000, 0x000000070cc00000|  0%| F|  |TAMS 0x000000070ca00000| PB 0x000000070ca00000| Untracked |  0
|  75|0x000000070cc00000, 0x000000070cc00000, 0x000000070ce00000|  0%| F|  |TAMS 0x000000070cc00000| PB 0x000000070cc00000| Untracked |  0
|  76|0x000000070ce00000, 0x000000070ce00000, 0x000000070d000000|  0%| F|  |TAMS 0x000000070ce00000| PB 0x000000070ce00000| Untracked |  0
|  77|0x000000070d000000, 0x000000070d000000, 0x000000070d200000|  0%| F|  |TAMS 0x000000070d000000| PB 0x000000070d000000| Untracked |  0
|  78|0x000000070d200000, 0x000000070d200000, 0x000000070d400000|  0%| F|  |TAMS 0x000000070d200000| PB 0x000000070d200000| Untracked |  0
|  79|0x000000070d400000, 0x000000070d400000, 0x000000070d600000|  0%| F|  |TAMS 0x000000070d400000| PB 0x000000070d400000| Untracked |  0
|  80|0x000000070d600000, 0x000000070d600000, 0x000000070d800000|  0%| F|  |TAMS 0x000000070d600000| PB 0x000000070d600000| Untracked |  0
|  81|0x000000070d800000, 0x000000070d800000, 0x000000070da00000|  0%| F|  |TAMS 0x000000070d800000| PB 0x000000070d800000| Untracked |  0
|  82|0x000000070da00000, 0x000000070da00000, 0x000000070dc00000|  0%| F|  |TAMS 0x000000070da00000| PB 0x000000070da00000| Untracked |  0
|  83|0x000000070dc00000, 0x000000070dc00000, 0x000000070de00000|  0%| F|  |TAMS 0x000000070dc00000| PB 0x000000070dc00000| Untracked |  0
|  84|0x000000070de00000, 0x000000070de00000, 0x000000070e000000|  0%| F|  |TAMS 0x000000070de00000| PB 0x000000070de00000| Untracked |  0
|  85|0x000000070e000000, 0x000000070e000000, 0x000000070e200000|  0%| F|  |TAMS 0x000000070e000000| PB 0x000000070e000000| Untracked |  0
|  86|0x000000070e200000, 0x000000070e200000, 0x000000070e400000|  0%| F|  |TAMS 0x000000070e200000| PB 0x000000070e200000| Untracked |  0
|  87|0x000000070e400000, 0x000000070e400000, 0x000000070e600000|  0%| F|  |TAMS 0x000000070e400000| PB 0x000000070e400000| Untracked |  0
|  88|0x000000070e600000, 0x000000070e600000, 0x000000070e800000|  0%| F|  |TAMS 0x000000070e600000| PB 0x000000070e600000| Untracked |  0
|  89|0x000000070e800000, 0x000000070e800000, 0x000000070ea00000|  0%| F|  |TAMS 0x000000070e800000| PB 0x000000070e800000| Untracked |  0
|  90|0x000000070ea00000, 0x000000070ea00000, 0x000000070ec00000|  0%| F|  |TAMS 0x000000070ea00000| PB 0x000000070ea00000| Untracked |  0
|  91|0x000000070ec00000, 0x000000070ec00000, 0x000000070ee00000|  0%| F|  |TAMS 0x000000070ec00000| PB 0x000000070ec00000| Untracked |  0
|  92|0x000000070ee00000, 0x000000070ee00000, 0x000000070f000000|  0%| F|  |TAMS 0x000000070ee00000| PB 0x000000070ee00000| Untracked |  0
|  93|0x000000070f000000, 0x000000070f000000, 0x000000070f200000|  0%| F|  |TAMS 0x000000070f000000| PB 0x000000070f000000| Untracked |  0
|  94|0x000000070f200000, 0x000000070f200000, 0x000000070f400000|  0%| F|  |TAMS 0x000000070f200000| PB 0x000000070f200000| Untracked |  0
|  95|0x000000070f400000, 0x000000070f400000, 0x000000070f600000|  0%| F|  |TAMS 0x000000070f400000| PB 0x000000070f400000| Untracked |  0
|  96|0x000000070f600000, 0x000000070f600000, 0x000000070f800000|  0%| F|  |TAMS 0x000000070f600000| PB 0x000000070f600000| Untracked |  0
|  97|0x000000070f800000, 0x000000070f800000, 0x000000070fa00000|  0%| F|  |TAMS 0x000000070f800000| PB 0x000000070f800000| Untracked |  0
|  98|0x000000070fa00000, 0x000000070fa00000, 0x000000070fc00000|  0%| F|  |TAMS 0x000000070fa00000| PB 0x000000070fa00000| Untracked |  0
|  99|0x000000070fc00000, 0x000000070fc00000, 0x000000070fe00000|  0%| F|  |TAMS 0x000000070fc00000| PB 0x000000070fc00000| Untracked |  0
| 100|0x000000070fe00000, 0x000000070fe00000, 0x0000000710000000|  0%| F|  |TAMS 0x000000070fe00000| PB 0x000000070fe00000| Untracked |  0
| 101|0x0000000710000000, 0x0000000710000000, 0x0000000710200000|  0%| F|  |TAMS 0x0000000710000000| PB 0x0000000710000000| Untracked |  0
| 102|0x0000000710200000, 0x0000000710200000, 0x0000000710400000|  0%| F|  |TAMS 0x0000000710200000| PB 0x0000000710200000| Untracked |  0
| 103|0x0000000710400000, 0x0000000710400000, 0x0000000710600000|  0%| F|  |TAMS 0x0000000710400000| PB 0x0000000710400000| Untracked |  0
| 104|0x0000000710600000, 0x0000000710600000, 0x0000000710800000|  0%| F|  |TAMS 0x0000000710600000| PB 0x0000000710600000| Untracked |  0
| 105|0x0000000710800000, 0x0000000710800000, 0x0000000710a00000|  0%| F|  |TAMS 0x0000000710800000| PB 0x0000000710800000| Untracked |  0
| 106|0x0000000710a00000, 0x0000000710a00000, 0x0000000710c00000|  0%| F|  |TAMS 0x0000000710a00000| PB 0x0000000710a00000| Untracked |  0
| 107|0x0000000710c00000, 0x0000000710c00000, 0x0000000710e00000|  0%| F|  |TAMS 0x0000000710c00000| PB 0x0000000710c00000| Untracked |  0
| 108|0x0000000710e00000, 0x0000000710e00000, 0x0000000711000000|  0%| F|  |TAMS 0x0000000710e00000| PB 0x0000000710e00000| Untracked |  0
| 109|0x0000000711000000, 0x0000000711000000, 0x0000000711200000|  0%| F|  |TAMS 0x0000000711000000| PB 0x0000000711000000| Untracked |  0
| 110|0x0000000711200000, 0x0000000711200000, 0x0000000711400000|  0%| F|  |TAMS 0x0000000711200000| PB 0x0000000711200000| Untracked |  0
| 111|0x0000000711400000, 0x0000000711400000, 0x0000000711600000|  0%| F|  |TAMS 0x0000000711400000| PB 0x0000000711400000| Untracked |  0
| 112|0x0000000711600000, 0x0000000711600000, 0x0000000711800000|  0%| F|  |TAMS 0x0000000711600000| PB 0x0000000711600000| Untracked |  0
| 113|0x0000000711800000, 0x0000000711800000, 0x0000000711a00000|  0%| F|  |TAMS 0x0000000711800000| PB 0x0000000711800000| Untracked |  0
| 114|0x0000000711a00000, 0x0000000711a00000, 0x0000000711c00000|  0%| F|  |TAMS 0x0000000711a00000| PB 0x0000000711a00000| Untracked |  0
| 115|0x0000000711c00000, 0x0000000711c00000, 0x0000000711e00000|  0%| F|  |TAMS 0x0000000711c00000| PB 0x0000000711c00000| Untracked |  0
| 116|0x0000000711e00000, 0x0000000711e00000, 0x0000000712000000|  0%| F|  |TAMS 0x0000000711e00000| PB 0x0000000711e00000| Untracked |  0
| 117|0x0000000712000000, 0x0000000712000000, 0x0000000712200000|  0%| F|  |TAMS 0x0000000712000000| PB 0x0000000712000000| Untracked |  0
| 118|0x0000000712200000, 0x000000071227ae98, 0x0000000712400000| 24%| E|  |TAMS 0x0000000712200000| PB 0x0000000712200000| Complete |  0
| 119|0x0000000712400000, 0x0000000712600000, 0x0000000712600000|100%| E|CS|TAMS 0x0000000712400000| PB 0x0000000712400000| Complete |  0
| 120|0x0000000712600000, 0x0000000712800000, 0x0000000712800000|100%| E|CS|TAMS 0x0000000712600000| PB 0x0000000712600000| Complete |  0
| 121|0x0000000712800000, 0x0000000712a00000, 0x0000000712a00000|100%| E|  |TAMS 0x0000000712800000| PB 0x0000000712800000| Complete |  0
| 122|0x0000000712a00000, 0x0000000712c00000, 0x0000000712c00000|100%| E|CS|TAMS 0x0000000712a00000| PB 0x0000000712a00000| Complete |  0
| 123|0x0000000712c00000, 0x0000000712e00000, 0x0000000712e00000|100%| E|CS|TAMS 0x0000000712c00000| PB 0x0000000712c00000| Complete |  0
| 124|0x0000000712e00000, 0x0000000713000000, 0x0000000713000000|100%| E|CS|TAMS 0x0000000712e00000| PB 0x0000000712e00000| Complete |  0
| 125|0x0000000713000000, 0x0000000713200000, 0x0000000713200000|100%| E|CS|TAMS 0x0000000713000000| PB 0x0000000713000000| Complete |  0
| 126|0x0000000713200000, 0x0000000713400000, 0x0000000713400000|100%| E|CS|TAMS 0x0000000713200000| PB 0x0000000713200000| Complete |  0

Card table byte_map: [0x00000298f9550000,0x00000298f9d40000] _byte_map_base: 0x00000298f5d35000

Marking Bits: (CMBitMap*) 0x00000298f5ede090
 Bits: [0x00000298f9d40000, 0x00000298fdc68000)

Polling page: 0x00000298f78d0000

Metaspace:

Usage:
  Non-class:      5.58 MB used.
      Class:    438.66 KB used.
       Both:      6.01 MB used.

Virtual space:
  Non-class space:       64.00 MB reserved,       5.62 MB (  9%) committed,  1 nodes.
      Class space:        1.00 GB reserved,     512.00 KB ( <1%) committed,  1 nodes.
             Both:        1.06 GB reserved,       6.12 MB ( <1%) committed. 

Chunk freelists:
   Non-Class:  8.75 MB
       Class:  15.50 MB
        Both:  24.25 MB

MaxMetaspaceSize: unlimited
CompressedClassSpaceSize: 1.00 GB
Initial GC threshold: 21.00 MB
Current GC threshold: 21.00 MB
CDS: on
 - commit_granule_bytes: 65536.
 - commit_granule_words: 8192.
 - virtual_space_node_default_size: 8388608.
 - enlarge_chunks_in_place: 1.
 - use_allocation_guard: 0.


Internal statistics:

num_allocs_failed_limit: 0.
num_arena_births: 80.
num_arena_deaths: 0.
num_vsnodes_births: 2.
num_vsnodes_deaths: 0.
num_space_committed: 97.
num_space_uncommitted: 0.
num_chunks_returned_to_freelist: 0.
num_chunks_taken_from_freelist: 235.
num_chunk_merges: 0.
num_chunk_splits: 163.
num_chunks_enlarged: 120.
num_inconsistent_stats: 0.

CodeHeap 'non-profiled nmethods': size=119232Kb used=282Kb max_used=282Kb free=118949Kb
 bounds [0x0000029890200000, 0x0000029890470000, 0x0000029897670000]
CodeHeap 'profiled nmethods': size=119104Kb used=1501Kb max_used=1501Kb free=117602Kb
 bounds [0x0000029888670000, 0x00000298888e0000, 0x000002988fac0000]
CodeHeap 'non-nmethods': size=7424Kb used=2396Kb max_used=4085Kb free=5027Kb
 bounds [0x000002988fac0000, 0x000002988fed0000, 0x0000029890200000]
CodeCache: size=245760Kb, used=4179Kb, max_used=5868Kb, free=241578Kb
 total_blobs=2264, nmethods=1145, adapters=1023, full_count=0
Compilation: enabled, stopped_count=0, restarted_count=0

Compilation events (20 events):
Event: 1.214 Thread 0x0000029898490b10 nmethod 1134 0x00000298887e4288 code [0x00000298887e43a0, 0x00000298887e4538]
Event: 1.214 Thread 0x0000029898490b10 1136       3       com.badlogic.gdx.utils.ObjectIntMap::place (16 bytes)
Event: 1.214 Thread 0x000002989848f6a0 1135       3       com.badlogic.gdx.utils.ObjectIntMap::locateKey (63 bytes)
Event: 1.214 Thread 0x000002989848efd0 1137       3       com.badlogic.gdx.utils.ObjectIntMap::get (21 bytes)
Event: 1.214 Thread 0x0000029898490b10 nmethod 1136 0x00000298887e4588 code [0x00000298887e46a0, 0x00000298887e4898]
Event: 1.214 Thread 0x0000029898490b10 1140       3       com.badlogic.gdx.graphics.VertexAttributes::get (7 bytes)
Event: 1.214 Thread 0x000002989848d490 nmethod 1132 0x00000298887e4908 code [0x00000298887e4b00, 0x00000298887e54c0]
Event: 1.214 Thread 0x0000029898490b10 nmethod 1140 0x00000298887e5588 code [0x00000298887e56a0, 0x00000298887e57e0]
Event: 1.214 Thread 0x000002989848efd0 nmethod 1137 0x00000298887e5888 code [0x00000298887e59c0, 0x00000298887e5ba8]
Event: 1.214 Thread 0x000002989848f6a0 nmethod 1135 0x00000298887e5c08 code [0x00000298887e5d80, 0x00000298887e6308]
Event: 1.215 Thread 0x0000029898479560 nmethod 1133 0x0000029890246388 code [0x00000298902464a0, 0x00000298902465b0]
Event: 2.803 Thread 0x000002989848f6a0 1142   !   3       java.nio.DirectByteBuffer::get (33 bytes)
Event: 2.803 Thread 0x0000029898490b10 1143       3       java.nio.Buffer::nextGetIndex (30 bytes)
Event: 2.803 Thread 0x0000029898490b10 nmethod 1143 0x00000298887e6388 code [0x00000298887e64c0, 0x00000298887e66e0]
Event: 2.803 Thread 0x000002989848f6a0 nmethod 1142 0x00000298887e6708 code [0x00000298887e6900, 0x00000298887e7320]
Event: 15.920 Thread 0x000002989848efd0 1144       3       java.util.HashMap$ValueIterator::next (8 bytes)
Event: 15.920 Thread 0x0000029898479560 1146       4       java.util.concurrent.ConcurrentHashMap::get (162 bytes)
Event: 15.920 Thread 0x000002989848efd0 nmethod 1144 0x00000298887e7388 code [0x00000298887e74a0, 0x00000298887e75e0]
Event: 15.920 Thread 0x000002989848efd0 1145       1       java.lang.Module::getDescriptor (5 bytes)
Event: 15.920 Thread 0x000002989848efd0 nmethod 1145 0x0000029890246688 code [0x00000298902467a0, 0x0000029890246870]

GC Heap History (0 events):
No events

Dll operation events (13 events):
Event: 0.006 Loaded shared library C:\Users\power\.jdks\openjdk-23\bin\java.dll
Event: 0.034 Loaded shared library C:\Users\power\.jdks\openjdk-23\bin\jsvml.dll
Event: 0.077 Loaded shared library C:\Users\power\.jdks\openjdk-23\bin\zip.dll
Event: 0.079 Loaded shared library C:\Users\power\.jdks\openjdk-23\bin\instrument.dll
Event: 0.081 Loaded shared library C:\Users\power\.jdks\openjdk-23\bin\net.dll
Event: 0.083 Loaded shared library C:\Users\power\.jdks\openjdk-23\bin\nio.dll
Event: 0.086 Loaded shared library C:\Users\power\.jdks\openjdk-23\bin\zip.dll
Event: 0.113 Loaded shared library C:\Program Files\JetBrains\IntelliJ IDEA Community Edition 2024.2.2\bin\breakgen64.dll
Event: 0.118 Loaded shared library C:\Users\power\.jdks\openjdk-23\bin\extnet.dll
Event: 0.138 Loaded shared library C:\Users\power\.jdks\openjdk-23\bin\jimage.dll
Event: 0.142 Loaded shared library C:\Users\power\AppData\Local\Temp\libgdxpower\2a9d7f76\gdx64.dll
Event: 0.173 Loaded shared library C:\Users\power\AppData\Local\Temp\lwjgl_power\3.3.3+5\x64\lwjgl.dll
Event: 0.838 Loaded shared library C:\Users\power\AppData\Local\Temp\lwjgl_power\3.3.3+5\x64\lwjgl_opengl.dll

Deoptimization events (20 events):
Event: 1.162 Thread 0x00000298f8318860 Uncommon trap: trap_request=0xffffff45 fr.pc=0x0000029890238c74 relative=0x0000000000000594
Event: 1.162 Thread 0x00000298f8318860 Uncommon trap: reason=unstable_if action=reinterpret pc=0x0000029890238c74 method=java.lang.AbstractStringBuilder.inflateIfNeededFor(Ljava/lang/String;)V @ 14 c2
Event: 1.162 Thread 0x00000298f8318860 DEOPT PACKING pc=0x0000029890238c74 sp=0x000000e33c7feeb0
Event: 1.162 Thread 0x00000298f8318860 DEOPT UNPACKING pc=0x000002988fb17982 sp=0x000000e33c7fed60 mode 2
Event: 1.162 Thread 0x00000298f8318860 Uncommon trap: trap_request=0xffffff45 fr.pc=0x0000029890232568 relative=0x0000000000000588
Event: 1.162 Thread 0x00000298f8318860 Uncommon trap: reason=unstable_if action=reinterpret pc=0x0000029890232568 method=java.lang.AbstractStringBuilder.inflateIfNeededFor(Ljava/lang/String;)V @ 14 c2
Event: 1.162 Thread 0x00000298f8318860 DEOPT PACKING pc=0x0000029890232568 sp=0x000000e33c7fee50
Event: 1.162 Thread 0x00000298f8318860 DEOPT UNPACKING pc=0x000002988fb17982 sp=0x000000e33c7fed58 mode 2
Event: 1.162 Thread 0x00000298f8318860 Uncommon trap: trap_request=0xffffff45 fr.pc=0x000002989021c05c relative=0x000000000000005c
Event: 1.162 Thread 0x00000298f8318860 Uncommon trap: reason=unstable_if action=reinterpret pc=0x000002989021c05c method=java.lang.AbstractStringBuilder.isLatin1()Z @ 10 c2
Event: 1.162 Thread 0x00000298f8318860 DEOPT PACKING pc=0x000002989021c05c sp=0x000000e33c7fed00
Event: 1.162 Thread 0x00000298f8318860 DEOPT UNPACKING pc=0x000002988fb17982 sp=0x000000e33c7fec90 mode 2
Event: 1.162 Thread 0x00000298f8318860 Uncommon trap: trap_request=0xffffff45 fr.pc=0x0000029890230428 relative=0x0000000000000108
Event: 1.162 Thread 0x00000298f8318860 Uncommon trap: reason=unstable_if action=reinterpret pc=0x0000029890230428 method=java.lang.String.getBytes([BIB)V @ 5 c2
Event: 1.162 Thread 0x00000298f8318860 DEOPT PACKING pc=0x0000029890230428 sp=0x000000e33c7fed80
Event: 1.162 Thread 0x00000298f8318860 DEOPT UNPACKING pc=0x000002988fb17982 sp=0x000000e33c7fed48 mode 2
Event: 15.919 Thread 0x00000298f8318860 Uncommon trap: trap_request=0xffffff45 fr.pc=0x0000029890211e2c relative=0x000000000000012c
Event: 15.919 Thread 0x00000298f8318860 Uncommon trap: reason=unstable_if action=reinterpret pc=0x0000029890211e2c method=java.lang.StringCoding.countPositives([BII)I @ 17 c2
Event: 15.919 Thread 0x00000298f8318860 DEOPT PACKING pc=0x0000029890211e2c sp=0x000000e33c7feac0
Event: 15.919 Thread 0x00000298f8318860 DEOPT UNPACKING pc=0x000002988fb17982 sp=0x000000e33c7fea60 mode 2

Classes loaded (20 events):
Event: 15.921 Loading class jdk/internal/logger/AbstractLoggerWrapper
Event: 15.921 Loading class jdk/internal/logger/AbstractLoggerWrapper done
Event: 15.921 Loading class jdk/internal/logger/LazyLoggers$LazyLoggerWrapper done
Event: 15.921 Loading class jdk/internal/logger/LazyLoggers$JdkLazyLogger done
Event: 15.921 Loading class jdk/internal/logger/LazyLoggers$LazyLoggerAccessor
Event: 15.921 Loading class jdk/internal/logger/LazyLoggers$LoggerAccessor
Event: 15.921 Loading class jdk/internal/logger/LazyLoggers$LoggerAccessor done
Event: 15.921 Loading class jdk/internal/logger/LazyLoggers$LazyLoggerAccessor done
Event: 15.922 Loading class java/lang/System$Logger$Level
Event: 15.922 Loading class java/lang/System$Logger$Level done
Event: 15.922 Loading class jdk/internal/logger/SurrogateLogger
Event: 15.922 Loading class jdk/internal/logger/SimpleConsoleLogger
Event: 15.922 Loading class sun/util/logging/PlatformLogger$ConfigurableBridge$LoggerConfiguration
Event: 15.922 Loading class sun/util/logging/PlatformLogger$ConfigurableBridge$LoggerConfiguration done
Event: 15.922 Loading class jdk/internal/logger/SimpleConsoleLogger done
Event: 15.922 Loading class jdk/internal/logger/SurrogateLogger done
Event: 15.922 Loading class sun/util/logging/PlatformLogger
Event: 15.922 Loading class sun/util/logging/PlatformLogger done
Event: 15.922 Loading class sun/util/logging/PlatformLogger$Level
Event: 15.922 Loading class sun/util/logging/PlatformLogger$Level done

Classes unloaded (0 events):
No events

Classes redefined (0 events):
No events

Internal exceptions (20 events):
Event: 0.207 Thread 0x00000298f8318860 Exception <a 'java/lang/NoSuchMethodError'{0x0000000712d89f00}: 'int java.lang.invoke.DirectMethodHandle$Holder.invokeStaticInit(java.lang.Object, java.lang.Object, int, long)'> (0x0000000712d89f00) 
thrown [s\open\src\hotspot\share\interpreter\linkResolver.cpp, line 796]
Event: 0.208 Thread 0x00000298f8318860 Exception <a 'java/lang/NoSuchMethodError'{0x0000000712d8f070}: 'java.lang.Object java.lang.invoke.DirectMethodHandle$Holder.newInvokeSpecial(java.lang.Object, java.lang.Object, int)'> (0x0000000712d8f070) 
thrown [s\open\src\hotspot\share\interpreter\linkResolver.cpp, line 796]
Event: 0.209 Thread 0x00000298f8318860 Exception <a 'java/lang/NoSuchMethodError'{0x0000000712d9d498}: 'int java.lang.invoke.DirectMethodHandle$Holder.invokeStaticInit(java.lang.Object, java.lang.Object, long, long)'> (0x0000000712d9d498) 
thrown [s\open\src\hotspot\share\interpreter\linkResolver.cpp, line 796]
Event: 0.209 Thread 0x00000298f8318860 Exception <a 'java/lang/NoSuchMethodError'{0x0000000712da2f68}: 'java.lang.Object java.lang.invoke.DirectMethodHandle$Holder.newInvokeSpecial(java.lang.Object, java.lang.Object, long)'> (0x0000000712da2f68) 
thrown [s\open\src\hotspot\share\interpreter\linkResolver.cpp, line 796]
Event: 0.210 Thread 0x00000298f8318860 Exception <a 'java/lang/NoSuchMethodError'{0x0000000712da6e28}: 'java.lang.Object java.lang.invoke.Invokers$Holder.linkToTargetMethod(java.lang.Object, long, java.lang.Object)'> (0x0000000712da6e28) 
thrown [s\open\src\hotspot\share\interpreter\linkResolver.cpp, line 796]
Event: 0.210 Thread 0x00000298f8318860 Exception <a 'java/lang/NoSuchMethodError'{0x0000000712dae080}: 'int java.lang.invoke.DirectMethodHandle$Holder.invokeStaticInit(java.lang.Object, java.lang.Object, java.lang.Object, long)'> (0x0000000712dae080) 
thrown [s\open\src\hotspot\share\interpreter\linkResolver.cpp, line 796]
Event: 0.220 Thread 0x00000298f8318860 Exception <a 'sun/nio/fs/WindowsException'{0x0000000712a0da58}> (0x0000000712a0da58) 
thrown [s\open\src\hotspot\share\prims\jni.cpp, line 520]
Event: 0.220 Thread 0x00000298f8318860 Exception <a 'sun/nio/fs/WindowsException'{0x0000000712a0dde8}> (0x0000000712a0dde8) 
thrown [s\open\src\hotspot\share\prims\jni.cpp, line 520]
Event: 0.239 Thread 0x00000298f8318860 Exception <a 'sun/nio/fs/WindowsException'{0x0000000712aa3918}> (0x0000000712aa3918) 
thrown [s\open\src\hotspot\share\prims\jni.cpp, line 520]
Event: 0.239 Thread 0x00000298f8318860 Exception <a 'sun/nio/fs/WindowsException'{0x0000000712aa3c78}> (0x0000000712aa3c78) 
thrown [s\open\src\hotspot\share\prims\jni.cpp, line 520]
Event: 0.242 Thread 0x00000298f8318860 Exception <a 'java/lang/NoSuchMethodError'{0x0000000712aaa050}: 'int java.lang.invoke.Invokers$Holder.invokeExact_MT(java.lang.Object, java.lang.Object)'> (0x0000000712aaa050) 
thrown [s\open\src\hotspot\share\interpreter\linkResolver.cpp, line 796]
Event: 0.270 Thread 0x00000298f8318860 Exception <a 'sun/nio/fs/WindowsException'{0x0000000712b35ae0}> (0x0000000712b35ae0) 
thrown [s\open\src\hotspot\share\prims\jni.cpp, line 520]
Event: 0.270 Thread 0x00000298f8318860 Exception <a 'sun/nio/fs/WindowsException'{0x0000000712b35e60}> (0x0000000712b35e60) 
thrown [s\open\src\hotspot\share\prims\jni.cpp, line 520]
Event: 0.753 Thread 0x00000298f8318860 Exception <a 'java/lang/NoSuchMethodError'{0x0000000712b70220}: 'java.lang.Object java.lang.invoke.DirectMethodHandle$Holder.newInvokeSpecial(java.lang.Object, long)'> (0x0000000712b70220) 
thrown [s\open\src\hotspot\share\interpreter\linkResolver.cpp, line 796]
Event: 0.834 Thread 0x00000298f8318860 Exception <a 'java/lang/NoSuchMethodError'{0x0000000712982460}: 'void java.lang.System.load(java.lang.String, java.lang.Class)'> (0x0000000712982460) 
thrown [s\open\src\hotspot\share\interpreter\linkResolver.cpp, line 796]
Event: 0.835 Thread 0x00000298f8318860 Exception <a 'java/lang/NoSuchMethodError'{0x0000000712984ef0}: 'void java.lang.System.loadLibrary(java.lang.String, java.lang.Class)'> (0x0000000712984ef0) 
thrown [s\open\src\hotspot\share\interpreter\linkResolver.cpp, line 796]
Event: 0.837 Thread 0x00000298f8318860 Exception <a 'sun/nio/fs/WindowsException'{0x00000007129962f0}> (0x00000007129962f0) 
thrown [s\open\src\hotspot\share\prims\jni.cpp, line 520]
Event: 0.837 Thread 0x00000298f8318860 Exception <a 'sun/nio/fs/WindowsException'{0x0000000712996690}> (0x0000000712996690) 
thrown [s\open\src\hotspot\share\prims\jni.cpp, line 520]
Event: 0.839 Thread 0x00000298f8318860 Exception <a 'sun/nio/fs/WindowsException'{0x00000007129a2728}> (0x00000007129a2728) 
thrown [s\open\src\hotspot\share\prims\jni.cpp, line 520]
Event: 0.840 Thread 0x00000298f8318860 Exception <a 'sun/nio/fs/WindowsException'{0x00000007129a29f8}> (0x00000007129a29f8) 
thrown [s\open\src\hotspot\share\prims\jni.cpp, line 520]

VM Operations (7 events):
Event: 0.069 Executing VM operation: HandshakeAllThreads (Deoptimize)
Event: 0.069 Executing VM operation: HandshakeAllThreads (Deoptimize) done
Event: 0.140 Executing VM operation: HandshakeAllThreads (Deoptimize)
Event: 0.140 Executing VM operation: HandshakeAllThreads (Deoptimize) done
Event: 0.156 Executing VM operation: HandshakeAllThreads (Deoptimize)
Event: 0.156 Executing VM operation: HandshakeAllThreads (Deoptimize) done
Event: 15.923 Executing VM operation: Exit

Memory protections (0 events):
No events

Nmethod flushes (0 events):
No events

Events (20 events):
Event: 0.033 Thread 0x00000298f8318860 Thread added: 0x000002989846a790
Event: 0.033 Thread 0x00000298f8318860 Thread added: 0x000002989846b2e0
Event: 0.033 Thread 0x00000298f8318860 Thread added: 0x0000029898474f80
Event: 0.033 Thread 0x00000298f8318860 Thread added: 0x0000029898479560
Event: 0.033 Thread 0x00000298f8318860 Thread added: 0x000002989848efd0
Event: 0.066 Thread 0x00000298f8318860 Thread added: 0x00000298985a0160
Event: 0.069 Thread 0x000002989848efd0 Thread added: 0x000002989848d490
Event: 0.071 Thread 0x000002989848efd0 Thread added: 0x000002989848f6a0
Event: 0.113 Thread 0x00000298f8318860 Thread added: 0x00000298de0f2fb0
Event: 0.113 Thread 0x00000298f8318860 Thread added: 0x00000298de0f3620
Event: 0.202 Thread 0x000002989848efd0 Thread added: 0x000002989848db60
Event: 0.269 Thread 0x000002989848efd0 Thread added: 0x0000029898490b10
Event: 0.753 Thread 0x000002989848db60 Thread exited: 0x000002989848db60
Event: 0.761 Thread 0x00000298f8318860 Thread added: 0x00000298de773700
Event: 7.809 Thread 0x0000029898490b10 Thread exited: 0x0000029898490b10
Event: 7.809 Thread 0x000002989848f6a0 Thread exited: 0x000002989848f6a0
Event: 7.809 Thread 0x000002989848d490 Thread exited: 0x000002989848d490
Event: 15.918 Thread 0x00000298984677b0 Thread added: 0x00000298de2d79c0
Event: 15.923 Thread 0x00000298de2d79c0 Before exit entered
Event: 15.923 Thread 0x00000298984677b0 Thread exited: 0x00000298984677b0


Dynamic libraries:
0x00007ff76cea0000 - 0x00007ff76ceae000 	C:\Users\power\.jdks\openjdk-23\bin\java.exe
0x00007ff9e5280000 - 0x00007ff9e54e5000 	C:\WINDOWS\SYSTEM32\ntdll.dll
0x00007ff9e3ac0000 - 0x00007ff9e3b89000 	C:\WINDOWS\System32\KERNEL32.DLL
0x00007ff9e23d0000 - 0x00007ff9e27b8000 	C:\WINDOWS\System32\KERNELBASE.dll
0x00007ff9e2ed0000 - 0x00007ff9e301b000 	C:\WINDOWS\System32\ucrtbase.dll
0x00007ff9d9580000 - 0x00007ff9d9597000 	C:\Users\power\.jdks\openjdk-23\bin\jli.dll
0x00007ff9d4f40000 - 0x00007ff9d4f5b000 	C:\Users\power\.jdks\openjdk-23\bin\VCRUNTIME140.dll
0x00007ff9e4f20000 - 0x00007ff9e50ea000 	C:\WINDOWS\System32\USER32.dll
0x00007ff9ca960000 - 0x00007ff9cabfa000 	C:\WINDOWS\WinSxS\amd64_microsoft.windows.common-controls_6595b64144ccf1df_6.0.26100.4202_none_3e0698d4e335f517\COMCTL32.dll
0x00007ff9e2ea0000 - 0x00007ff9e2ec7000 	C:\WINDOWS\System32\win32u.dll
0x00007ff9e3330000 - 0x00007ff9e33d9000 	C:\WINDOWS\System32\msvcrt.dll
0x00007ff9e4cc0000 - 0x00007ff9e4ceb000 	C:\WINDOWS\System32\GDI32.dll
0x00007ff9e2850000 - 0x00007ff9e2987000 	C:\WINDOWS\System32\gdi32full.dll
0x00007ff9e2990000 - 0x00007ff9e2a33000 	C:\WINDOWS\System32\msvcp_win.dll
0x00007ff9e31d0000 - 0x00007ff9e3200000 	C:\WINDOWS\System32\IMM32.DLL
0x00007ff9dc660000 - 0x00007ff9dc66c000 	C:\Users\power\.jdks\openjdk-23\bin\vcruntime140_1.dll
0x00007ff966a30000 - 0x00007ff966abe000 	C:\Users\power\.jdks\openjdk-23\bin\msvcp140.dll
0x00007ff921450000 - 0x00007ff92219f000 	C:\Users\power\.jdks\openjdk-23\bin\server\jvm.dll
0x00007ff9e3990000 - 0x00007ff9e3a43000 	C:\WINDOWS\System32\ADVAPI32.dll
0x00007ff9e3f20000 - 0x00007ff9e3fc6000 	C:\WINDOWS\System32\sechost.dll
0x00007ff9e3210000 - 0x00007ff9e3325000 	C:\WINDOWS\System32\RPCRT4.dll
0x00007ff9e3470000 - 0x00007ff9e34e4000 	C:\WINDOWS\System32\WS2_32.dll
0x00007ff9e0fb0000 - 0x00007ff9e100e000 	C:\WINDOWS\SYSTEM32\POWRPROF.dll
0x00007ff9ceaf0000 - 0x00007ff9ceb25000 	C:\WINDOWS\SYSTEM32\WINMM.dll
0x00007ff9d96c0000 - 0x00007ff9d96cb000 	C:\WINDOWS\SYSTEM32\VERSION.dll
0x00007ff9e0f90000 - 0x00007ff9e0fa4000 	C:\WINDOWS\SYSTEM32\UMPDC.dll
0x00007ff9e1270000 - 0x00007ff9e128b000 	C:\WINDOWS\SYSTEM32\kernel.appcore.dll
0x00007ff9da6e0000 - 0x00007ff9da6ea000 	C:\Users\power\.jdks\openjdk-23\bin\jimage.dll
0x00007ff9dfd00000 - 0x00007ff9dff41000 	C:\WINDOWS\SYSTEM32\DBGHELP.DLL
0x00007ff9e3b90000 - 0x00007ff9e3f15000 	C:\WINDOWS\System32\combase.dll
0x00007ff9e5150000 - 0x00007ff9e5231000 	C:\WINDOWS\System32\OLEAUT32.dll
0x00007ff9c6d70000 - 0x00007ff9c6da9000 	C:\WINDOWS\SYSTEM32\dbgcore.DLL
0x00007ff9e2e00000 - 0x00007ff9e2e99000 	C:\WINDOWS\System32\bcryptPrimitives.dll
0x00007ff9d0df0000 - 0x00007ff9d0dff000 	C:\Users\power\.jdks\openjdk-23\bin\instrument.dll
0x00007ff9d0e00000 - 0x00007ff9d0e1e000 	C:\Users\power\.jdks\openjdk-23\bin\java.dll
0x00007ff9e3020000 - 0x00007ff9e31be000 	C:\WINDOWS\System32\ole32.dll
0x00007ff9e4470000 - 0x00007ff9e4bb2000 	C:\WINDOWS\System32\SHELL32.dll
0x00007ff9e2a40000 - 0x00007ff9e2bb4000 	C:\WINDOWS\System32\wintypes.dll
0x00007ff9e0030000 - 0x00007ff9e0887000 	C:\WINDOWS\SYSTEM32\windows.storage.dll
0x00007ff9e3fd0000 - 0x00007ff9e40c1000 	C:\WINDOWS\System32\SHCORE.dll
0x00007ff9e4d10000 - 0x00007ff9e4d7a000 	C:\WINDOWS\System32\shlwapi.dll
0x00007ff9e22e0000 - 0x00007ff9e230f000 	C:\WINDOWS\SYSTEM32\profapi.dll
0x00007ff966950000 - 0x00007ff966a27000 	C:\Users\power\.jdks\openjdk-23\bin\jsvml.dll
0x00007ff9bb330000 - 0x00007ff9bb347000 	C:\Users\power\.jdks\openjdk-23\bin\zip.dll
0x00007ff9cf860000 - 0x00007ff9cf870000 	C:\Users\power\.jdks\openjdk-23\bin\net.dll
0x00007ff9e17c0000 - 0x00007ff9e182a000 	C:\WINDOWS\system32\mswsock.dll
0x00007ff9cf840000 - 0x00007ff9cf856000 	C:\Users\power\.jdks\openjdk-23\bin\nio.dll
0x00007ff9a9eb0000 - 0x00007ff9a9eca000 	C:\Program Files\JetBrains\IntelliJ IDEA Community Edition 2024.2.2\bin\breakgen64.dll
0x00007ff9cf830000 - 0x00007ff9cf839000 	C:\Users\power\.jdks\openjdk-23\bin\extnet.dll
0x000000006e700000 - 0x000000006e72d000 	C:\Users\power\AppData\Local\Temp\libgdxpower\2a9d7f76\gdx64.dll
0x00007ff954560000 - 0x00007ff9545db000 	C:\Users\power\AppData\Local\Temp\lwjgl_power\3.3.3+5\x64\lwjgl.dll
0x00007ff8eee40000 - 0x00007ff8ef0b0000 	C:\Users\power\AppData\Local\Temp\lwjgl_power\3.3.3+5\x64\jemalloc.dll
0x00007ff952cf0000 - 0x00007ff952d72000 	C:\Users\power\AppData\Local\Temp\lwjgl_power\3.3.3+5\x64\glfw.dll
0x00007ff98b9b0000 - 0x00007ff98b9fb000 	C:\WINDOWS\SYSTEM32\dinput8.dll
0x00007ff960950000 - 0x00007ff960962000 	C:\WINDOWS\SYSTEM32\xinput1_4.dll
0x00007ff9e2030000 - 0x00007ff9e2087000 	C:\WINDOWS\SYSTEM32\cfgmgr32.dll
0x00007ff9e2090000 - 0x00007ff9e20bd000 	C:\WINDOWS\SYSTEM32\DEVOBJ.dll
0x00007ff9dc740000 - 0x00007ff9dc776000 	C:\WINDOWS\SYSTEM32\dwmapi.dll
0x00007ff9ad500000 - 0x00007ff9ad6e1000 	C:\WINDOWS\SYSTEM32\inputhost.dll
0x00007ff9dc340000 - 0x00007ff9dc465000 	C:\WINDOWS\SYSTEM32\CoreMessaging.dll
0x00007ff9dc920000 - 0x00007ff9dc9cf000 	C:\WINDOWS\system32\uxtheme.dll
0x00007ff9e1a00000 - 0x00007ff9e1a0c000 	C:\WINDOWS\SYSTEM32\CRYPTBASE.DLL
0x00007ff9e4d80000 - 0x00007ff9e4ee0000 	C:\WINDOWS\System32\MSCTF.dll
0x00007ff94b4c0000 - 0x00007ff94b687000 	C:\Users\power\AppData\Local\Temp\lwjgl_power\3.3.3+5\x64\OpenAL.dll
0x00007ff9e40d0000 - 0x00007ff9e4178000 	C:\WINDOWS\System32\clbcatq.dll
0x00007ff9d5490000 - 0x00007ff9d5530000 	C:\WINDOWS\System32\MMDevApi.dll
0x00007ff9d0c20000 - 0x00007ff9d0dde000 	C:\WINDOWS\SYSTEM32\AUDIOSES.DLL
0x00007ff9df820000 - 0x00007ff9df834000 	C:\WINDOWS\SYSTEM32\resourcepolicyclient.dll
0x00007ff9b5830000 - 0x00007ff9b5944000 	C:\WINDOWS\SYSTEM32\opengl32.dll
0x00007ff9c69b0000 - 0x00007ff9c69dd000 	C:\WINDOWS\SYSTEM32\GLU32.dll
0x00007ff9df360000 - 0x00007ff9df3ad000 	C:\WINDOWS\SYSTEM32\dxcore.dll
0x00007ff9dca40000 - 0x00007ff9dcaa1000 	C:\WINDOWS\SYSTEM32\directxdatabasehelper.dll
0x00007ff9ce8a0000 - 0x00007ff9ce8ba000 	C:\WINDOWS\SYSTEM32\windows.staterepositorycore.dll
0x00007ff8ec440000 - 0x00007ff8ed413000 	C:\WINDOWS\System32\DriverStore\FileRepository\iigd_dch.inf_amd64_e31d62740aef2af9\igxelpicd64.dll
0x00007ff9dcbd0000 - 0x00007ff9dcd05000 	C:\WINDOWS\system32\dxgi.dll
0x00007ff8ebfb0000 - 0x00007ff8ec437000 	C:\WINDOWS\System32\DriverStore\FileRepository\iigd_dch.inf_amd64_e31d62740aef2af9\igdml64.dll
0x00007ff9d5980000 - 0x00007ff9d5d41000 	C:\WINDOWS\System32\DriverStore\FileRepository\iigd_dch.inf_amd64_e31d62740aef2af9\igdgmm64.dll
0x00007ff9d1d30000 - 0x00007ff9d4f36000 	C:\WINDOWS\System32\DriverStore\FileRepository\iigd_dch.inf_amd64_e31d62740aef2af9\igc64.dll
0x00007ff952c90000 - 0x00007ff952cee000 	C:\Users\power\AppData\Local\Temp\lwjgl_power\3.3.3+5\x64\lwjgl_opengl.dll
0x00007ff9ce910000 - 0x00007ff9cea60000 	C:\WINDOWS\SYSTEM32\textinputframework.dll
0x00007ff9d85c0000 - 0x00007ff9d88a3000 	C:\WINDOWS\SYSTEM32\CoreUIComponents.dll

dbghelp: loaded successfully - version: 4.0.5 - missing functions: none
symbol engine: initialized successfully - sym options: 0x614 - pdb path: .;C:\Users\power\.jdks\openjdk-23\bin;C:\WINDOWS\SYSTEM32;C:\WINDOWS\WinSxS\amd64_microsoft.windows.common-controls_6595b64144ccf1df_6.0.26100.4202_none_3e0698d4e335f517;C:\Users\power\.jdks\openjdk-23\bin\server;C:\Program Files\JetBrains\IntelliJ IDEA Community Edition 2024.2.2\bin;C:\Users\power\AppData\Local\Temp\libgdxpower\2a9d7f76;C:\Users\power\AppData\Local\Temp\lwjgl_power\3.3.3+5\x64;C:\WINDOWS\System32\DriverStore\FileRepository\iigd_dch.inf_amd64_e31d62740aef2af9

VM Arguments:
jvm_args: -javaagent:C:\Program Files\JetBrains\IntelliJ IDEA Community Edition 2024.2.2\lib\idea_rt.jar=39469:C:\Program Files\JetBrains\IntelliJ IDEA Community Edition 2024.2.2\bin -Dfile.encoding=UTF-8 -Dsun.stdout.encoding=UTF-8 -Dsun.stderr.encoding=UTF-8 
java_command: org.example.Main
java_class_path (initial): C:\Users\power\Desktop\Catan\game\target\classes;C:\Users\power\.m2\repository\com\badlogicgames\gdx\gdx\1.12.1\gdx-1.12.1.jar;C:\Users\power\.m2\repository\com\badlogicgames\gdx\gdx-jnigen-loader\2.3.1\gdx-jnigen-loader-2.3.1.jar;C:\Users\power\.m2\repository\com\badlogicgames\gdx\gdx-backend-lwjgl3\1.12.1\gdx-backend-lwjgl3-1.12.1.jar;C:\Users\power\.m2\repository\org\lwjgl\lwjgl\3.3.3\lwjgl-3.3.3.jar;C:\Users\power\.m2\repository\org\lwjgl\lwjgl\3.3.3\lwjgl-3.3.3-natives-linux.jar;C:\Users\power\.m2\repository\org\lwjgl\lwjgl\3.3.3\lwjgl-3.3.3-natives-linux-arm32.jar;C:\Users\power\.m2\repository\org\lwjgl\lwjgl\3.3.3\lwjgl-3.3.3-natives-linux-arm64.jar;C:\Users\power\.m2\repository\org\lwjgl\lwjgl\3.3.3\lwjgl-3.3.3-natives-macos.jar;C:\Users\power\.m2\repository\org\lwjgl\lwjgl\3.3.3\lwjgl-3.3.3-natives-macos-arm64.jar;C:\Users\power\.m2\repository\org\lwjgl\lwjgl\3.3.3\lwjgl-3.3.3-natives-windows.jar;C:\Users\power\.m2\repository\org\lwjgl\lwjgl\3.3.3\lwjgl-3.3.3-natives-windows-x86.jar;C:\Users\power\.m2\repository\org\lwjgl\lwjgl-glfw\3.3.3\lwjgl-glfw-3.3.3.jar;C:\Users\power\.m2\repository\org\lwjgl\lwjgl-glfw\3.3.3\lwjgl-glfw-3.3.3-natives-linux.jar;C:\Users\power\.m2\repository\org\lwjgl\lwjgl-glfw\3.3.3\lwjgl-glfw-3.3.3-natives-linux-arm32.jar;C:\Users\power\.m2\repository\org\lwjgl\lwjgl-glfw\3.3.3\lwjgl-glfw-3.3.3-natives-linux-arm64.jar;C:\Users\power\.m2\repository\org\lwjgl\lwjgl-glfw\3.3.3\lwjgl-glfw-3.3.3-natives-macos.jar;C:\Users\power\.m2\repository\org\lwjgl\lwjgl-glfw\3.3.3\lwjgl-glfw-3.3.3-natives-macos-arm64.jar;C:\Users\power\.m2\repository\org\lwjgl\lwjgl-glfw\3.3.3\lwjgl-glfw-3.3.3-natives-windows.jar;C:\Users\power\.m2\repository\org\lwjgl\lwjgl-glfw\3.3.3\lwjgl-glfw-3.3.3-natives-windows-x86.jar;C:\Users\power\.m2\repository\org\lwjgl\lwjgl-jemalloc\3.3.3\lwjgl-jemalloc-3.3.3.jar;C:\Users\power\.m2\repository\org\lwjgl\lwjgl-jemalloc\3.3.3\lwjgl-jemalloc-3.3.3-natives-linux.jar;C:\Users\power\.m2\repository\org\lwjgl\lwjgl-jemalloc\3.3.3\lwjgl-jemalloc-3.3.3-natives-linux-arm32.jar;C:\Users\power\.m2\repository\org\lwjgl\lwjgl-jemalloc\3.3.3\lwjgl-jemalloc-3.3.3-natives-linux-arm64.jar;C:\Users\power\.m2\repository\org\lwjgl\lwjgl-jemalloc\3.3.3\lwjgl-jemalloc-3.3.3-natives-macos.jar;C:\Users\power\.m2\repository\org\lwjgl\lwjgl-jemalloc\3.3.3\lwjgl-jemalloc-3.3.3-natives-macos-arm64.jar;C:\Users\power\.m2\repository\org\lwjgl\lwjgl-jemalloc\3.3.3\lwjgl-jemalloc-3.3.3-natives-windows.jar;C:\Users\power\.m2\repository\org\lwjgl\lwjgl-jemalloc\3.3.3\lwjgl-jemalloc-3.3.3-natives-windows-x86.jar;C:\Users\power\.m2\repository\org\lwjgl\lwjgl-openal\3.3.3\lwjgl-openal-3.3.3.jar;C:\Users\power\.m2\repository\org\lwjgl\lwjgl-openal\3.3.3\lwjgl-openal-3.3.3-natives-linux.jar;C:\Users\power\.m2\repository\org\lwjgl\lwjgl-openal\3.3.3\lwjgl-openal-3.3.3-natives-linux-arm32.jar;C:\Users\power\.m2\repository\org\lwjgl\lwjgl-openal\3.3.3\lwjgl-openal-3.3.3-natives-linux-arm64.jar;C:\Users\power\.m2\repository\org\lwjgl\lwjgl-openal\3.3.3\lwjgl-openal-3.3.3-natives-macos.jar;C:\Users\power\.m2\repository\org\lwjgl\lwjgl-openal\3.3.3\lwjgl-openal-3.3.3-natives-macos-arm64.jar;C:\Users\power\.m2\repository\org\lwjgl\lwjgl-openal\3.3.3\lwjgl-openal-3.3.3-natives-windows.jar;C:\Users\power\.m2\repository\org\lwjgl\lwjgl-openal\3.3.3\lwjgl-openal-3.3.3-natives-windows-x86.jar;C:\Users\power\.m2\repository\org\lwjgl\lwjgl-opengl\3.3.3\lwjgl-opengl-3.3.3.jar;C:\Users\power\.m2\repository\org\lwjgl\lwjgl-opengl\3.3.3\lwjgl-opengl-3.3.3-natives-linux.jar;C:\Users\power\.m2\repository\org\lwjgl\lwjgl-opengl\3.3.3\lwjgl-opengl-3.3.3-natives-linux-arm32.jar;C:\Users\power\.m2\repository\org\lwjgl\lwjgl-opengl\3.3.3\lwjgl-opengl-3.3.3-natives-linux-arm64.jar;C:\Users\power\.m2\repository\org\lwjgl\lwjgl-opengl\3.3.3\lwjgl-opengl-3.3.3-natives-macos.jar;C:\Users\power\.m2\repository\org\lwjgl\lwjgl-opengl\3.3.3\lwjgl-opengl-3.3.3-natives-macos-arm64.jar;C:\Users\power\.m2\repository\org\lwjgl\lwjgl-opengl\3.3.3\lwjgl-opengl-3.3.3-natives-windows.jar;C:\Users\power\.m2\repository\org\lwjgl\lwjgl-opengl\3.3.3\lwjgl-opengl-3.3.3-natives-windows-x86.jar;C:\Users\power\.m2\repository\org\lwjgl\lwjgl-stb\3.3.3\lwjgl-stb-3.3.3.jar;C:\Users\power\.m2\repository\org\lwjgl\lwjgl-stb\3.3.3\lwjgl-stb-3.3.3-natives-linux.jar;C:\Users\power\.m2\repository\org\lwjgl\lwjgl-stb\3.3.3\lwjgl-stb-3.3.3-natives-linux-arm32.jar;C:\Users\power\.m2\repository\org\lwjgl\lwjgl-stb\3.3.3\lwjgl-stb-3.3.3-natives-linux-arm64.jar;C:\Users\power\.m2\repository\org\lwjgl\lwjgl-stb\3.3.3\lwjgl-stb-3.3.3-natives-macos.jar;C:\Users\power\.m2\repository\org\lwjgl\lwjgl-stb\3.3.3\lwjgl-stb-3.3.3-natives-macos-arm64.jar;C:\Users\power\.m2\repository\org\lwjgl\lwjgl-stb\3.3.3\lwjgl-stb-3.3.3-natives-windows.jar;C:\Users\power\.m2\repository\org\lwjgl\lwjgl-stb\3.3.3\lwjgl-stb-3.3.3-natives-windows-x86.jar;C:\Users\power\.m2\repository\com\badlogicgames\jlayer\jlayer\1.0.1-gdx\jlayer-1.0.1-gdx.jar;C:\Users\power\.m2\repository\org\jcraft\jorbis\0.0.17\jorbis-0.0.17.jar;C:\Users\power\.m2\repository\com\badlogicgames\gdx\gdx-platform\1.12.1\gdx-platform-1.12.1-natives-desktop.jar
Launcher Type: SUN_STANDARD

[Global flags]
     intx CICompilerCount                          = 12                                        {product} {ergonomic}
     uint ConcGCThreads                            = 3                                         {product} {ergonomic}
     uint G1ConcRefinementThreads                  = 13                                        {product} {ergonomic}
   size_t G1HeapRegionSize                         = 2097152                                   {product} {ergonomic}
   size_t InitialHeapSize                          = 266338304                                 {product} {ergonomic}
   size_t MarkStackSize                            = 4194304                                   {product} {ergonomic}
   size_t MarkStackSizeMax                         = 536870912                                 {product} {ergonomic}
   size_t MaxHeapSize                              = 4238344192                                {product} {ergonomic}
   size_t MaxNewSize                               = 2541748224                                {product} {ergonomic}
   size_t MinHeapDeltaBytes                        = 2097152                                   {product} {ergonomic}
   size_t MinHeapSize                              = 8388608                                   {product} {ergonomic}
    uintx NonNMethodCodeHeapSize                   = 7602176                                {pd product} {ergonomic}
    uintx NonProfiledCodeHeapSize                  = 122093568                              {pd product} {ergonomic}
    uintx ProfiledCodeHeapSize                     = 121962496                              {pd product} {ergonomic}
    uintx ReservedCodeCacheSize                    = 251658240                              {pd product} {ergonomic}
     bool SegmentedCodeCache                       = true                                      {product} {ergonomic}
   size_t SoftMaxHeapSize                          = 4238344192                             {manageable} {ergonomic}
     bool UseCompressedOops                        = true                           {product lp64_product} {ergonomic}
     bool UseG1GC                                  = true                                      {product} {ergonomic}
     bool UseLargePagesIndividualAllocation        = false                                  {pd product} {ergonomic}

Logging:
Log output configuration:
 #0: stdout all=off uptime,level,tags foldmultilines=false
 #1: stderr all=off uptime,level,tags foldmultilines=false

Environment Variables:
JAVA_HOME=C:\Program Files\Java\jdk-23
PATH=C:\Program Files\Common Files\Oracle\Java\javapath;C:\oraclexe\app\oracle\product\11.2.0\server\bin;C:\app\power\product\21c\dbhomeXE\bin;C:\WINDOWS\system32;C:\WINDOWS;C:\WINDOWS\System32\Wbem;C:\WINDOWS\System32\WindowsPowerShell\v1.0\;C:\WINDOWS\System32\OpenSSH\;C:\Program Files (x86)\Windows Kits\10\Windows Performance Toolkit\;C:\Program Files (x86)\NVIDIA Corporation\PhysX\Common;C:\Program Files\Microsoft SQL Server\150\Tools\Binn\;C:\Program Files\Microsoft SQL Server\Client SDK\ODBC\170\Tools\Binn\;C:\Program Files\dotnet\;C:\Program Files\NVIDIA Corporation\NVIDIA app\NvDLISR;C:\Program Files\nodejs\;C:\Program Files\Git\cmd;C:\Program Files\PuTTY\;C:\Program Files\Docker\Docker\resources\bin;C:\Program Files\MySQL\MySQL Server 8.0\bin;C:\Users\power\AppData\Local\Programs\Python\Python311\Scripts\;C:\Users\power\AppData\Local\Programs\Python\Python311\;C:\Users\power\AppData\Local\Microsoft\WindowsApps;C:\Users\power\AppData\Local\Programs\Microsoft VS Code\bin;C:\Users\power\.dotnet\tools;C:\Users\power\Documents\codeblock-tdm-gpp\bin;C:\Users\power\AppData\Local\GitHubDesktop\bin;C:\Users\power\AppData\Roaming\npm;C:\Program Files (x86)\Meaven\apache-maven-3.9.9\bin;C:\Program Files\Java\jdk-23\bin;C:\Program Files (x86)\Nmap;C:\Program Files\JetBrains\PyCharm 2025.1\bin;
USERNAME=power
OS=Windows_NT
PROCESSOR_IDENTIFIER=Intel64 Family 6 Model 141 Stepping 1, GenuineIntel
TMP=C:\Users\power\AppData\Local\Temp
TEMP=C:\Users\power\AppData\Local\Temp




Periodic native trim disabled

---------------  S Y S T E M  ---------------

OS:
 Windows 11 , 64 bit Build 26100 (10.0.26100.4202)
OS uptime: 8 days 6:27 hours
Hyper-V role detected

CPU: total 16 (initial active 16) (8 cores per cpu, 2 threads per core) family 6 model 141 stepping 1 microcode 0x3c, cx8, cmov, fxsr, ht, mmx, 3dnowpref, sse, sse2, sse3, ssse3, sse4.1, sse4.2, popcnt, lzcnt, tsc, tscinvbit, avx, avx2, aes, erms, clmul, bmi1, bmi2, adx, avx512f, avx512dq, avx512cd, avx512bw, avx512vl, sha, fma, vzeroupper, avx512_vpopcntdq, avx512_vpclmulqdq, avx512_vaes, avx512_vnni, clflush, clflushopt, clwb, avx512_vbmi2, avx512_vbmi, hv, rdtscp, rdpid, fsrm, gfni, avx512_bitalg, f16c, cet_ibt, cet_ss, avx512_ifma
Processor Information for the first 16 processors :
  Max Mhz: 2304, Current Mhz: 2304, Mhz Limit: 2304

Memory: 4k page, system-wide physical 16163M (2600M free)
TotalPageFile size 28451M (AvailPageFile size 5528M)
current process WorkingSet (physical memory assigned to process): 192M, peak: 195M
current process commit charge ("private bytes"): 453M, peak: 460M

vm_info: OpenJDK 64-Bit Server VM (23+37-2369) for windows-amd64 JRE (23+37-2369), built on 2024-08-20T16:01:23Z with MS VC++ 17.6 (VS2022)

END.
